0 info it worked if it ends with ok
1 verbose cli [ 'C:\\Program Files\\nodejs\\node.exe',
1 verbose cli   'C:\\Users\\Cristian\\AppData\\Roaming\\npm\\node_modules\\npm\\bin\\npm-cli.js',
1 verbose cli   'run',
1 verbose cli   'stoorybook' ]
2 info using npm@3.8.5
3 info using node@v8.12.0
4 verbose stack Error: missing script: stoorybook
4 verbose stack     at run (C:\Users\Cristian\AppData\Roaming\npm\node_modules\npm\lib\run-script.js:147:19)
4 verbose stack     at C:\Users\Cristian\AppData\Roaming\npm\node_modules\npm\lib\run-script.js:57:5
4 verbose stack     at C:\Users\Cristian\AppData\Roaming\npm\node_modules\npm\node_modules\read-package-json\read-json.js:345:5
4 verbose stack     at checkBinReferences_ (C:\Users\Cristian\AppData\Roaming\npm\node_modules\npm\node_modules\read-package-json\read-json.js:309:45)
4 verbose stack     at final (C:\Users\Cristian\AppData\Roaming\npm\node_modules\npm\node_modules\read-package-json\read-json.js:343:3)
4 verbose stack     at then (C:\Users\Cristian\AppData\Roaming\npm\node_modules\npm\node_modules\read-package-json\read-json.js:113:5)
4 verbose stack     at C:\Users\Cristian\AppData\Roaming\npm\node_modules\npm\node_modules\read-package-json\read-json.js:300:12
4 verbose stack     at C:\Users\Cristian\AppData\Roaming\npm\node_modules\npm\node_modules\graceful-fs\graceful-fs.js:78:16
4 verbose stack     at FSReqWrap.readFileAfterClose [as oncomplete] (fs.js:511:3)
5 verbose cwd C:\Users\Cristian\Documents\Programacion\Ruby\ConexionFelina
6 error Windows_NT 10.0.17134
7 error argv "C:\\Program Files\\nodejs\\node.exe" "C:\\Users\\Cristian\\AppData\\Roaming\\npm\\node_modules\\npm\\bin\\npm-cli.js" "run" "stoorybook"
8 error node v8.12.0
9 error npm  v3.8.5
10 error missing script: stoorybook
11 error If you need help, you may report this error at:
11 error     <https://github.com/npm/npm/issues>
12 verbose exit [ 1, true ]
